2024-05-03 17:52:41,447 - INFO - root - Hello! This is Joey-NMT (version 2.2.0).
2024-05-03 17:52:41,447 - INFO - joeynmt.helpers -                           cfg.name : deen_transformer_pre
2024-05-03 17:52:41,448 - INFO - joeynmt.helpers -                cfg.joeynmt_version : 2.0.0
2024-05-03 17:52:41,448 - INFO - joeynmt.helpers -                     cfg.data.train : data/train
2024-05-03 17:52:41,448 - INFO - joeynmt.helpers -                       cfg.data.dev : data/dev
2024-05-03 17:52:41,448 - INFO - joeynmt.helpers -                      cfg.data.test : data/test
2024-05-03 17:52:41,448 - INFO - joeynmt.helpers -              cfg.data.dataset_type : plain
2024-05-03 17:52:41,448 - INFO - joeynmt.helpers -                  cfg.data.src.lang : de
2024-05-03 17:52:41,448 - INFO - joeynmt.helpers -             cfg.data.src.lowercase : False
2024-05-03 17:52:41,448 - INFO - joeynmt.helpers -                 cfg.data.src.level : bpe
2024-05-03 17:52:41,448 - INFO - joeynmt.helpers -             cfg.data.src.voc_limit : 32000
2024-05-03 17:52:41,448 - INFO - joeynmt.helpers -          cfg.data.src.voc_min_freq : 1
2024-05-03 17:52:41,448 - INFO - joeynmt.helpers -            cfg.data.src.max_length : 100
2024-05-03 17:52:41,448 - INFO - joeynmt.helpers -              cfg.data.src.voc_file : shared_models/joint-vocab.txt
2024-05-03 17:52:41,448 - INFO - joeynmt.helpers -        cfg.data.src.tokenizer_type : subword-nmt
2024-05-03 17:52:41,448 - INFO - joeynmt.helpers - cfg.data.src.tokenizer_cfg.pretokenizer : none
2024-05-03 17:52:41,448 - INFO - joeynmt.helpers - cfg.data.src.tokenizer_cfg.num_merges : 3200
2024-05-03 17:52:41,448 - INFO - joeynmt.helpers -   cfg.data.src.tokenizer_cfg.codes : data/codes3200.bpe
2024-05-03 17:52:41,448 - INFO - joeynmt.helpers -                  cfg.data.trg.lang : en
2024-05-03 17:52:41,448 - INFO - joeynmt.helpers -             cfg.data.trg.lowercase : False
2024-05-03 17:52:41,448 - INFO - joeynmt.helpers -                 cfg.data.trg.level : bpe
2024-05-03 17:52:41,448 - INFO - joeynmt.helpers -             cfg.data.trg.voc_limit : 32000
2024-05-03 17:52:41,448 - INFO - joeynmt.helpers -          cfg.data.trg.voc_min_freq : 1
2024-05-03 17:52:41,448 - INFO - joeynmt.helpers -            cfg.data.trg.max_length : 100
2024-05-03 17:52:41,448 - INFO - joeynmt.helpers -              cfg.data.trg.voc_file : shared_models/joint-vocab.txt
2024-05-03 17:52:41,448 - INFO - joeynmt.helpers -        cfg.data.trg.tokenizer_type : subword-nmt
2024-05-03 17:52:41,448 - INFO - joeynmt.helpers - cfg.data.trg.tokenizer_cfg.pretokenizer : none
2024-05-03 17:52:41,448 - INFO - joeynmt.helpers - cfg.data.trg.tokenizer_cfg.num_merges : 3200
2024-05-03 17:52:41,448 - INFO - joeynmt.helpers -   cfg.data.trg.tokenizer_cfg.codes : data/codes3200.bpe
2024-05-03 17:52:41,449 - INFO - joeynmt.helpers -              cfg.testing.beam_size : 5
2024-05-03 17:52:41,449 - INFO - joeynmt.helpers -             cfg.testing.beam_alpha : 1.0
2024-05-03 17:52:41,449 - INFO - joeynmt.helpers -           cfg.training.random_seed : 42
2024-05-03 17:52:41,449 - INFO - joeynmt.helpers -             cfg.training.optimizer : adam
2024-05-03 17:52:41,449 - INFO - joeynmt.helpers -         cfg.training.normalization : tokens
2024-05-03 17:52:41,449 - INFO - joeynmt.helpers -         cfg.training.learning_rate : 0.0003
2024-05-03 17:52:41,449 - INFO - joeynmt.helpers -            cfg.training.batch_size : 2048
2024-05-03 17:52:41,449 - INFO - joeynmt.helpers -            cfg.training.batch_type : token
2024-05-03 17:52:41,449 - INFO - joeynmt.helpers -       cfg.training.eval_batch_size : 1024
2024-05-03 17:52:41,449 - INFO - joeynmt.helpers -       cfg.training.eval_batch_type : token
2024-05-03 17:52:41,449 - INFO - joeynmt.helpers -            cfg.training.scheduling : plateau
2024-05-03 17:52:41,449 - INFO - joeynmt.helpers -              cfg.training.patience : 8
2024-05-03 17:52:41,449 - INFO - joeynmt.helpers -          cfg.training.weight_decay : 0.0
2024-05-03 17:52:41,449 - INFO - joeynmt.helpers -       cfg.training.decrease_factor : 0.7
2024-05-03 17:52:41,449 - INFO - joeynmt.helpers - cfg.training.early_stopping_metric : ppl
2024-05-03 17:52:41,449 - INFO - joeynmt.helpers -                cfg.training.epochs : 10
2024-05-03 17:52:41,449 - INFO - joeynmt.helpers -       cfg.training.validation_freq : 500
2024-05-03 17:52:41,449 - INFO - joeynmt.helpers -          cfg.training.logging_freq : 100
2024-05-03 17:52:41,449 - INFO - joeynmt.helpers -           cfg.training.eval_metric : ['bleu']
2024-05-03 17:52:41,449 - INFO - joeynmt.helpers -             cfg.training.model_dir : models/deen_transformer_pre
2024-05-03 17:52:41,449 - INFO - joeynmt.helpers -             cfg.training.overwrite : False
2024-05-03 17:52:41,449 - INFO - joeynmt.helpers -               cfg.training.shuffle : True
2024-05-03 17:52:41,449 - INFO - joeynmt.helpers -              cfg.training.use_cuda : False
2024-05-03 17:52:41,449 - INFO - joeynmt.helpers -     cfg.training.max_output_length : 100
2024-05-03 17:52:41,449 - INFO - joeynmt.helpers -     cfg.training.print_valid_sents : [0, 1, 2, 3, 4]
2024-05-03 17:52:41,449 - INFO - joeynmt.helpers -       cfg.training.label_smoothing : 0.3
2024-05-03 17:52:41,449 - INFO - joeynmt.helpers -              cfg.model.initializer : xavier_uniform
2024-05-03 17:52:41,449 - INFO - joeynmt.helpers -         cfg.model.bias_initializer : zeros
2024-05-03 17:52:41,450 - INFO - joeynmt.helpers -                cfg.model.init_gain : 1.0
2024-05-03 17:52:41,450 - INFO - joeynmt.helpers -        cfg.model.embed_initializer : xavier_uniform
2024-05-03 17:52:41,450 - INFO - joeynmt.helpers -          cfg.model.embed_init_gain : 1.0
2024-05-03 17:52:41,450 - INFO - joeynmt.helpers -          cfg.model.tied_embeddings : True
2024-05-03 17:52:41,450 - INFO - joeynmt.helpers -             cfg.model.tied_softmax : True
2024-05-03 17:52:41,450 - INFO - joeynmt.helpers -             cfg.model.encoder.type : transformer
2024-05-03 17:52:41,450 - INFO - joeynmt.helpers -       cfg.model.encoder.num_layers : 4
2024-05-03 17:52:41,450 - INFO - joeynmt.helpers -        cfg.model.encoder.num_heads : 2
2024-05-03 17:52:41,450 - INFO - joeynmt.helpers - cfg.model.encoder.embeddings.embedding_dim : 256
2024-05-03 17:52:41,450 - INFO - joeynmt.helpers - cfg.model.encoder.embeddings.scale : True
2024-05-03 17:52:41,450 - INFO - joeynmt.helpers - cfg.model.encoder.embeddings.dropout : 0
2024-05-03 17:52:41,450 - INFO - joeynmt.helpers -      cfg.model.encoder.hidden_size : 256
2024-05-03 17:52:41,450 - INFO - joeynmt.helpers -          cfg.model.encoder.ff_size : 512
2024-05-03 17:52:41,450 - INFO - joeynmt.helpers -          cfg.model.encoder.dropout : 0
2024-05-03 17:52:41,450 - INFO - joeynmt.helpers -             cfg.model.decoder.type : transformer
2024-05-03 17:52:41,450 - INFO - joeynmt.helpers -       cfg.model.decoder.num_layers : 1
2024-05-03 17:52:41,450 - INFO - joeynmt.helpers -        cfg.model.decoder.num_heads : 2
2024-05-03 17:52:41,450 - INFO - joeynmt.helpers - cfg.model.decoder.embeddings.embedding_dim : 256
2024-05-03 17:52:41,450 - INFO - joeynmt.helpers - cfg.model.decoder.embeddings.scale : True
2024-05-03 17:52:41,450 - INFO - joeynmt.helpers - cfg.model.decoder.embeddings.dropout : 0
2024-05-03 17:52:41,450 - INFO - joeynmt.helpers -      cfg.model.decoder.hidden_size : 256
2024-05-03 17:52:41,450 - INFO - joeynmt.helpers -          cfg.model.decoder.ff_size : 512
2024-05-03 17:52:41,450 - INFO - joeynmt.helpers -          cfg.model.decoder.dropout : 0
2024-05-03 17:52:41,451 - INFO - joeynmt.data - Building tokenizer...
